<?xml version="1.0" encoding="UTF-8"?>
<!-- Generated by org.testng.reporters.JUnitReportReporter -->
<testsuite skipped="0" hostname="LKNDSS5CJCRQ2" name="twentySevenTec.testCases.TC_001_TwentySevenTecLogin" tests="1" failures="0" timestamp="27 May 2020 07:31:54 GMT" time="3.187" errors="0">
  <testcase name="loginTest" time="3.187" classname="twentySevenTec.testCases.TC_001_TwentySevenTecLogin"/>
</testsuite> <!-- twentySevenTec.testCases.TC_001_TwentySevenTecLogin -->
