<?xml version="1.0" encoding="UTF-8"?>
<!-- Generated by org.testng.reporters.JUnitReportReporter -->
<testsuite skipped="0" hostname="LKNDSS5CJCRQ2" name="twentySevenTec.testCases.TC_003_TwentySevenApplicantDetails" tests="1" failures="0" timestamp="27 May 2020 14:36:14 GMT" time="20.082" errors="0">
  <testcase name="ApplicantDetails" time="20.082" classname="twentySevenTec.testCases.TC_003_TwentySevenApplicantDetails"/>
</testsuite> <!-- twentySevenTec.testCases.TC_003_TwentySevenApplicantDetails -->
