<?xml version="1.0" encoding="UTF-8"?>
<!-- Generated by org.testng.reporters.JUnitReportReporter -->
<testsuite skipped="0" hostname="LKNDSS5CJCRQ2" name="twentySevenTec.testCases.TC_008_TwentySevenMultiApplicantDetails" tests="1" failures="0" timestamp="07 Jul 2020 08:01:31 GMT" time="45.794" errors="0">
  <testcase name="ApplicantDetails" time="45.794" classname="twentySevenTec.testCases.TC_008_TwentySevenMultiApplicantDetails"/>
</testsuite> <!-- twentySevenTec.testCases.TC_008_TwentySevenMultiApplicantDetails -->
