<?xml version="1.0" encoding="UTF-8"?>
<!-- Generated by org.testng.reporters.JUnitReportReporter -->
<testsuite skipped="0" hostname="LKNDSS5CJCRQ2" name="twentySevenTec.testCases.TC_002_TwentySevenMortgageRequirements" tests="1" failures="0" timestamp="27 May 2020 08:09:17 GMT" time="22.134" errors="0">
  <testcase name="MortgageRequirements" time="22.134" classname="twentySevenTec.testCases.TC_002_TwentySevenMortgageRequirements"/>
</testsuite> <!-- twentySevenTec.testCases.TC_002_TwentySevenMortgageRequirements -->
