<?xml version="1.0" encoding="UTF-8"?>
<!-- Generated by org.testng.reporters.JUnitReportReporter -->
<testsuite skipped="0" hostname="LKNDSS5CJCRQ2" name="twentySevenTec.testCases.TC_002_TwentySevenProductSearch" tests="1" failures="0" timestamp="27 May 2020 07:31:54 GMT" time="32.155" errors="0">
  <testcase name="ProductSearch" time="32.155" classname="twentySevenTec.testCases.TC_002_TwentySevenProductSearch"/>
</testsuite> <!-- twentySevenTec.testCases.TC_002_TwentySevenProductSearch -->
