<?xml version="1.0" encoding="UTF-8"?>
<!-- Generated by org.testng.reporters.JUnitReportReporter -->
<testsuite skipped="0" hostname="LKNDSS5CJCRQ2" name="twentySevenTec.testCases.TC_001_TwentySevenTecLogin" tests="1" failures="0" timestamp="26 May 2020 17:12:17 GMT" time="13.440" errors="0">
  <testcase name="loginTest" time="13.440" classname="twentySevenTec.testCases.TC_001_TwentySevenTecLogin"/>
</testsuite> <!-- twentySevenTec.testCases.TC_001_TwentySevenTecLogin -->
