<?xml version="1.0" encoding="UTF-8"?>
<!-- Generated by org.testng.reporters.JUnitReportReporter -->
<testsuite skipped="0" hostname="LKNDSS5CJCRQ2" name="twentySevenTec.testCases.TC_005_TwentySevenProductSearch" tests="1" failures="0" timestamp="06 Jul 2020 03:45:39 GMT" time="82.285" errors="0">
  <testcase name="GetProduct" time="82.285" classname="twentySevenTec.testCases.TC_005_TwentySevenProductSearch"/>
</testsuite> <!-- twentySevenTec.testCases.TC_005_TwentySevenProductSearch -->
