<?xml version="1.0" encoding="UTF-8"?>
<!-- Generated by org.testng.reporters.JUnitReportReporter -->
<testsuite skipped="0" hostname="LKNDSS5CJCRQ2" name="twentySevenTec.testCases.TC_005_TwentySevenProductSearch" tests="1" failures="0" timestamp="27 May 2020 14:01:52 GMT" time="67.614" errors="0">
  <testcase name="GetProduct" time="67.614" classname="twentySevenTec.testCases.TC_005_TwentySevenProductSearch"/>
</testsuite> <!-- twentySevenTec.testCases.TC_005_TwentySevenProductSearch -->
