<?xml version="1.0" encoding="UTF-8"?>
<!-- Generated by org.testng.reporters.JUnitReportReporter -->
<testsuite skipped="0" hostname="LKNDSS5CJCRQ2" name="twentySevenTec.testCases.TC_008_TwentySevenMultiApplicantDetailsEmployedandSelfEmployedEmployment" tests="1" failures="0" timestamp="07 Jul 2020 08:08:21 GMT" time="47.471" errors="0">
  <testcase name="ApplicantDetails" time="47.471" classname="twentySevenTec.testCases.TC_008_TwentySevenMultiApplicantDetailsEmployedandSelfEmployedEmployment"/>
</testsuite> <!-- twentySevenTec.testCases.TC_008_TwentySevenMultiApplicantDetailsEmployedandSelfEmployedEmployment -->
