<?xml version="1.0" encoding="UTF-8"?>
<!-- Generated by org.testng.reporters.JUnitReportReporter -->
<testsuite skipped="0" hostname="LKNDSS5CJCRQ2" name="twentySevenTec.testCases.TC_004_TwentySevenPropertyDetails" tests="1" failures="0" timestamp="27 May 2020 07:54:59 GMT" time="18.859" errors="0">
  <testcase name="PropertyDetails" time="18.859" classname="twentySevenTec.testCases.TC_004_TwentySevenPropertyDetails"/>
</testsuite> <!-- twentySevenTec.testCases.TC_004_TwentySevenPropertyDetails -->
