<?xml version="1.0" encoding="UTF-8"?>
<!-- Generated by org.testng.reporters.JUnitReportReporter -->
<testsuite skipped="0" hostname="LKNDSS5CJCRQ2" name="twentySevenTec.testCases.TC_002_TwentySevenProductSearch" tests="1" failures="0" timestamp="27 May 2020 05:30:22 GMT" time="36.763" errors="0">
  <testcase name="ProductSearch" time="36.763" classname="twentySevenTec.testCases.TC_002_TwentySevenProductSearch"/>
</testsuite> <!-- twentySevenTec.testCases.TC_002_TwentySevenProductSearch -->
