<?xml version="1.0" encoding="UTF-8"?>
<!-- Generated by org.testng.reporters.JUnitReportReporter -->
<testsuite skipped="0" hostname="LKNDSS5CJCRQ2" name="twentySevenTec.testCases.TC_013_PurchaseMultiApplicantDIPChorleyBS" tests="1" failures="0" timestamp="07 Jul 2020 13:58:26 GMT" time="184.680" errors="0">
  <testcase name="PurchaseMultiApplicantDIPChorleyBS" time="184.680" classname="twentySevenTec.testCases.TC_013_PurchaseMultiApplicantDIPChorleyBS"/>
</testsuite> <!-- twentySevenTec.testCases.TC_013_PurchaseMultiApplicantDIPChorleyBS -->
