<?xml version="1.0" encoding="UTF-8"?>
<!-- Generated by org.testng.reporters.JUnitReportReporter -->
<testsuite skipped="0" hostname="LKNDSS5CJCRQ2" name="twentySevenTec.testCases.TC_001_TwentySevenTecLogin" tests="1" failures="0" timestamp="27 May 2020 09:14:27 GMT" time="1.902" errors="0">
  <testcase name="loginTest" time="1.902" classname="twentySevenTec.testCases.TC_001_TwentySevenTecLogin"/>
</testsuite> <!-- twentySevenTec.testCases.TC_001_TwentySevenTecLogin -->
