<?xml version="1.0" encoding="UTF-8"?>
<!-- Generated by org.testng.reporters.JUnitReportReporter -->
<testsuite hostname="LKNDSS5CJCRQ2" failures="0" tests="1" name="twentySevenTec.testCases.TC_001_TwentySevenTecLogin" time="5.545" errors="0" timestamp="26 May 2020 09:44:08 GMT" skipped="0">
  <testcase classname="twentySevenTec.testCases.TC_001_TwentySevenTecLogin" name="loginTest" time="5.545"/>
</testsuite> <!-- twentySevenTec.testCases.TC_001_TwentySevenTecLogin -->
